[debug] [2020-03-27T18:02:53.514Z] ----------------------------------------------------------------------
[debug] [2020-03-27T18:02:53.519Z] Command:       C:\Program Files\nodejs\node.exe C:\Users\KEYIL\AppData\Roaming\npm\node_modules\firebase-tools\lib\bin\firebase.js init
[debug] [2020-03-27T18:02:53.519Z] CLI Version:   7.13.1
[debug] [2020-03-27T18:02:53.519Z] Platform:      win32
[debug] [2020-03-27T18:02:53.519Z] Node Version:  v13.9.0
[debug] [2020-03-27T18:02:53.522Z] Time:          Fri Mar 27 2020 23:32:53 GMT+0530 (India Standard Time)
[debug] [2020-03-27T18:02:53.522Z] ----------------------------------------------------------------------
[debug] [2020-03-27T18:02:53.522Z] 
[debug] [2020-03-27T18:02:53.538Z] > command requires scopes: ["email","openid","https://www.googleapis.com/auth/cloudplatformprojects.readonly","https://www.googleapis.com/auth/firebase","https://www.googleapis.com/auth/cloud-platform"]
[debug] [2020-03-27T18:02:53.539Z] > authorizing via signed-in user
[info] 
     ######## #### ########  ######## ########     ###     ######  ########
     ##        ##  ##     ## ##       ##     ##  ##   ##  ##       ##
     ######    ##  ########  ######   ########  #########  ######  ######
     ##        ##  ##    ##  ##       ##     ## ##     ##       ## ##
     ##       #### ##     ## ######## ########  ##     ##  ######  ########

You're about to initialize a Firebase project in this directory:

  D:\apman\ApparelMason-master

Before we get started, keep in mind:

  * You are initializing in an existing Firebase project directory

[info] 
=== Project Setup
[info] 
[info] First, let's associate this project directory with a Firebase project.
[info] You can create multiple project aliases by running firebase use --add, 
[info] but for now we'll just set up a default project.
[info] 
[info] i  .firebaserc already has a default project, using apparel-mason.
[debug] [2020-03-27T18:03:08.757Z] > refreshing access token with scopes: ["email","https://www.googleapis.com/auth/cloud-platform","https://www.googleapis.com/auth/cloudplatformprojects.readonly","https://www.googleapis.com/auth/firebase","openid"]
[debug] [2020-03-27T18:03:08.757Z] >>> HTTP REQUEST POST https://www.googleapis.com/oauth2/v3/token  
 <request body omitted>
[debug] [2020-03-27T18:03:09.359Z] <<< HTTP RESPONSE 200
[debug] [2020-03-27T18:03:09.367Z] >>> HTTP REQUEST GET https://firebase.googleapis.com/v1beta1/projects/apparel-mason  
 
[debug] [2020-03-27T18:03:09.813Z] <<< HTTP RESPONSE 403
[debug] [2020-03-27T18:03:09.813Z] <<< HTTP RESPONSE BODY
[debug] [2020-03-27T18:03:09.817Z] HTTP Error: 403, The caller does not have permission
[debug] [2020-03-27T18:03:10.019Z] FirebaseError: HTTP Error: 403, The caller does not have permission
    at module.exports (C:\Users\KEYIL\AppData\Roaming\npm\node_modules\firebase-tools\lib\responseToError.js:38:12)
    at Request._callback (C:\Users\KEYIL\AppData\Roaming\npm\node_modules\firebase-tools\lib\api.js:39:35)
    at Request.self.callback (C:\Users\KEYIL\AppData\Roaming\npm\node_modules\firebase-tools\node_modules\request\request.js:185:22)
    at Request.emit (events.js:321:20)
    at Request.EventEmitter.emit (domain.js:485:12)
    at Request.<anonymous> (C:\Users\KEYIL\AppData\Roaming\npm\node_modules\firebase-tools\node_modules\request\request.js:1154:10)
    at Request.emit (events.js:321:20)
    at Request.EventEmitter.emit (domain.js:485:12)
    at IncomingMessage.<anonymous> (C:\Users\KEYIL\AppData\Roaming\npm\node_modules\firebase-tools\node_modules\request\request.js:1076:12)
    at Object.onceWrapper (events.js:427:28)
    at IncomingMessage.emit (events.js:333:22)
    at IncomingMessage.EventEmitter.emit (domain.js:485:12)
    at endReadableNT (_stream_readable.js:1201:12)
    at processTicksAndRejections (internal/process/task_queues.js:84:21)
[error] 
[error] Error: Failed to get Firebase project apparel-mason. Please make sure the project exists and your account has permission to access it.
